<?xml version="1.0" encoding="UTF-8"?>
<!-- Generated by org.testng.reporters.JUnitReportReporter -->
<testsuite hostname="Bhuiyan" failures="0" tests="1" name="websitetesting.Abcd" time="0.023" errors="0" timestamp="2023-07-22T14:38:51 EDT" skipped="0">
  <testcase classname="websitetesting.Abcd" name="cder" time="0.023"/>
  <system-out/>
</testsuite> <!-- websitetesting.Abcd -->
